<?xml version="1.0" encoding="UTF-8"?>
<coverage generated="1605652827900" clover="3.2.0">
  <project timestamp="1605652827901" name="All files">
    <metrics statements="9" coveredstatements="6" conditionals="0" coveredconditionals="0" methods="7" coveredmethods="4" elements="16" coveredelements="10" complexity="0" loc="9" ncloc="9" packages="1" files="1" classes="1"/>
    <file name="AddToBag.jsx" path="/Users/loganrosenlund/group2-fec/add-to-bag/client/components/AddToBag.jsx">
      <metrics statements="9" coveredstatements="6" conditionals="0" coveredconditionals="0" methods="7" coveredmethods="4"/>
      <line num="6" count="1" type="stmt"/>
      <line num="7" count="1" type="stmt"/>
      <line num="15" count="1" type="stmt"/>
      <line num="19" count="1" type="stmt"/>
      <line num="21" count="0" type="stmt"/>
      <line num="24" count="0" type="stmt"/>
      <line num="28" count="1" type="stmt"/>
      <line num="29" count="1" type="stmt"/>
      <line num="45" count="0" type="stmt"/>
    </file>
  </project>
</coverage>
